<?xml version="1.0" encoding="UTF-8"?>
<!-- Generated by org.testng.reporters.JUnitReportReporter -->
<testsuite hostname="nxt" failures="0" tests="3" name="nxt_login_logout.LogoutPage" time="0.013" errors="0" timestamp="2024-10-30T22:12:01 ICT" skipped="0">
  <testcase classname="nxt_login_logout.LogoutPage" name="testLogout" time="0.001"/>
  <testcase classname="nxt_login_logout.LogoutPage" name="testBackAfterLogout" time="0.009"/>
  <testcase classname="nxt_login_logout.LogoutPage" name="testRefreshAfterLogout" time="0.003"/>
</testsuite> <!-- nxt_login_logout.LogoutPage -->
